<?xml version="1.0" encoding="UTF-8"?>
<testng-results skipped="0" failed="2" total="3" passed="1">
  <reporter-output>
  </reporter-output>
  <suite name="Default suite" duration-ms="42" started-at="2014-03-04T16:17:40Z" finished-at="2014-03-04T16:17:40Z">
    <groups>
    </groups>
    <test name="Default test" duration-ms="42" started-at="2014-03-04T16:17:40Z" finished-at="2014-03-04T16:17:40Z">
      <class name="exercise4.search.Tester">
        <test-method status="PASS" signature="beforeMethod()[pri:0, instance:exercise4.search.Tester@4a8c1400]" name="beforeMethod" is-config="true" duration-ms="12" started-at="2014-03-04T16:17:40Z" finished-at="2014-03-04T16:17:40Z">
          <reporter-output>
          </reporter-output>
        </test-method> <!-- beforeMethod -->
        <test-method status="FAIL" signature="bfsTestEight()[pri:0, instance:exercise4.search.Tester@4a8c1400]" name="bfsTestEight" duration-ms="8" started-at="2014-03-04T16:17:40Z" finished-at="2014-03-04T16:17:40Z">
          <exception class="java.lang.Error">
            <message>
              <![CDATA[Unresolved compilation problems: 
	The method getParent() is undefined for the type ActionStatePair<ActionT,StateT>
	The method getParent() is undefined for the type ActionStatePair<ActionT,StateT>
	The method setParent(ActionStatePair<ActionT,StateT>) is undefined for the type ActionStatePair<ActionT,StateT>
]]>
            </message>
            <full-stacktrace>
              <![CDATA[java.lang.Error: Unresolved compilation problems: 
	The method getParent() is undefined for the type ActionStatePair<ActionT,StateT>
	The method getParent() is undefined for the type ActionStatePair<ActionT,StateT>
	The method setParent(ActionStatePair<ActionT,StateT>) is undefined for the type ActionStatePair<ActionT,StateT>

	at exercise4.search.UninformedSearch.doSearch(UninformedSearch.java:42)
	at exercise4.search.Tester.bfsTestEight(Tester.java:37)
	at sun.reflect.NativeMethodAccessorImpl.invoke0(Native Method)
	at sun.reflect.NativeMethodAccessorImpl.invoke(NativeMethodAccessorImpl.java:57)
	at sun.reflect.DelegatingMethodAccessorImpl.invoke(DelegatingMethodAccessorImpl.java:43)
	at java.lang.reflect.Method.invoke(Method.java:601)
	at org.testng.internal.MethodInvocationHelper.invokeMethod(MethodInvocationHelper.java:84)
	at org.testng.internal.Invoker.invokeMethod(Invoker.java:714)
	at org.testng.internal.Invoker.invokeTestMethod(Invoker.java:901)
	at org.testng.internal.Invoker.invokeTestMethods(Invoker.java:1231)
	at org.testng.internal.TestMethodWorker.invokeTestMethods(TestMethodWorker.java:127)
	at org.testng.internal.TestMethodWorker.run(TestMethodWorker.java:111)
	at org.testng.TestRunner.privateRun(TestRunner.java:767)
	at org.testng.TestRunner.run(TestRunner.java:617)
	at org.testng.SuiteRunner.runTest(SuiteRunner.java:334)
	at org.testng.SuiteRunner.runSequentially(SuiteRunner.java:329)
	at org.testng.SuiteRunner.privateRun(SuiteRunner.java:291)
	at org.testng.SuiteRunner.run(SuiteRunner.java:240)
	at org.testng.SuiteRunnerWorker.runSuite(SuiteRunnerWorker.java:52)
	at org.testng.SuiteRunnerWorker.run(SuiteRunnerWorker.java:86)
	at org.testng.TestNG.runSuitesSequentially(TestNG.java:1224)
	at org.testng.TestNG.runSuitesLocally(TestNG.java:1149)
	at org.testng.TestNG.run(TestNG.java:1057)
	at org.testng.remote.RemoteTestNG.run(RemoteTestNG.java:111)
	at org.testng.remote.RemoteTestNG.initAndRun(RemoteTestNG.java:204)
	at org.testng.remote.RemoteTestNG.main(RemoteTestNG.java:175)
]]>
            </full-stacktrace>
          </exception> <!-- java.lang.Error -->
          <reporter-output>
          </reporter-output>
        </test-method> <!-- bfsTestEight -->
        <test-method status="PASS" signature="beforeMethod()[pri:0, instance:exercise4.search.Tester@4a8c1400]" name="beforeMethod" is-config="true" duration-ms="1" started-at="2014-03-04T16:17:40Z" finished-at="2014-03-04T16:17:40Z">
          <reporter-output>
          </reporter-output>
        </test-method> <!-- beforeMethod -->
        <test-method status="FAIL" signature="dfsTestEight()[pri:0, instance:exercise4.search.Tester@4a8c1400]" name="dfsTestEight" duration-ms="1" started-at="2014-03-04T16:17:40Z" finished-at="2014-03-04T16:17:40Z">
          <exception class="java.lang.Error">
            <message>
              <![CDATA[Unresolved compilation problems: 
	The method getParent() is undefined for the type ActionStatePair<ActionT,StateT>
	The method getParent() is undefined for the type ActionStatePair<ActionT,StateT>
	The method setParent(ActionStatePair<ActionT,StateT>) is undefined for the type ActionStatePair<ActionT,StateT>
]]>
            </message>
            <full-stacktrace>
              <![CDATA[java.lang.Error: Unresolved compilation problems: 
	The method getParent() is undefined for the type ActionStatePair<ActionT,StateT>
	The method getParent() is undefined for the type ActionStatePair<ActionT,StateT>
	The method setParent(ActionStatePair<ActionT,StateT>) is undefined for the type ActionStatePair<ActionT,StateT>

	at exercise4.search.UninformedSearch.doSearch(UninformedSearch.java:42)
	at exercise4.search.Tester.dfsTestEight(Tester.java:44)
	at sun.reflect.NativeMethodAccessorImpl.invoke0(Native Method)
	at sun.reflect.NativeMethodAccessorImpl.invoke(NativeMethodAccessorImpl.java:57)
	at sun.reflect.DelegatingMethodAccessorImpl.invoke(DelegatingMethodAccessorImpl.java:43)
	at java.lang.reflect.Method.invoke(Method.java:601)
	at org.testng.internal.MethodInvocationHelper.invokeMethod(MethodInvocationHelper.java:84)
	at org.testng.internal.Invoker.invokeMethod(Invoker.java:714)
	at org.testng.internal.Invoker.invokeTestMethod(Invoker.java:901)
	at org.testng.internal.Invoker.invokeTestMethods(Invoker.java:1231)
	at org.testng.internal.TestMethodWorker.invokeTestMethods(TestMethodWorker.java:127)
	at org.testng.internal.TestMethodWorker.run(TestMethodWorker.java:111)
	at org.testng.TestRunner.privateRun(TestRunner.java:767)
	at org.testng.TestRunner.run(TestRunner.java:617)
	at org.testng.SuiteRunner.runTest(SuiteRunner.java:334)
	at org.testng.SuiteRunner.runSequentially(SuiteRunner.java:329)
	at org.testng.SuiteRunner.privateRun(SuiteRunner.java:291)
	at org.testng.SuiteRunner.run(SuiteRunner.java:240)
	at org.testng.SuiteRunnerWorker.runSuite(SuiteRunnerWorker.java:52)
	at org.testng.SuiteRunnerWorker.run(SuiteRunnerWorker.java:86)
	at org.testng.TestNG.runSuitesSequentially(TestNG.java:1224)
	at org.testng.TestNG.runSuitesLocally(TestNG.java:1149)
	at org.testng.TestNG.run(TestNG.java:1057)
	at org.testng.remote.RemoteTestNG.run(RemoteTestNG.java:111)
	at org.testng.remote.RemoteTestNG.initAndRun(RemoteTestNG.java:204)
	at org.testng.remote.RemoteTestNG.main(RemoteTestNG.java:175)
]]>
            </full-stacktrace>
          </exception> <!-- java.lang.Error -->
          <reporter-output>
          </reporter-output>
        </test-method> <!-- dfsTestEight -->
        <test-method status="PASS" signature="beforeMethod()[pri:0, instance:exercise4.search.Tester@4a8c1400]" name="beforeMethod" is-config="true" duration-ms="0" started-at="2014-03-04T16:17:40Z" finished-at="2014-03-04T16:17:40Z">
          <reporter-output>
          </reporter-output>
        </test-method> <!-- beforeMethod -->
        <test-method status="PASS" signature="temp()[pri:0, instance:exercise4.search.Tester@4a8c1400]" name="temp" duration-ms="1" started-at="2014-03-04T16:17:40Z" finished-at="2014-03-04T16:17:40Z">
          <reporter-output>
          </reporter-output>
        </test-method> <!-- temp -->
      </class> <!-- exercise4.search.Tester -->
    </test> <!-- Default test -->
  </suite> <!-- Default suite -->
</testng-results>
